<?xml version="1.0" encoding="UTF-8"?>
<!-- Generated by org.testng.reporters.JUnitXMLReporter -->
<testsuite hostname="Om-Sai-Legal-Advisor" ignored="0" name="BankingApp Test" tests="1" failures="0" timestamp="2021-10-22T11:50:15 IST" time="604.639" errors="0">
  <testcase name="@BeforeClass setup" time="604.408" classname="com.inetbanking.testCases.BaseClass">
    <failure type="org.openqa.selenium.SessionNotCreatedException" message="session not created
from timeout: Timed out receiving message from renderer: 600.000
  (Session info: chrome=94.0.4606.81)
Build info: version: &amp;apos;3.141.59&amp;apos;, revision: &amp;apos;e82be7d358&amp;apos;, time: &amp;apos;2018-11-14T08:17:03&amp;apos;
System info: host: &amp;apos;OM-SAI-LEGAL-AD&amp;apos;, ip: &amp;apos;192.168.0.106&amp;apos;, os.name: &amp;apos;Windows 10&amp;apos;, os.arch: &amp;apos;amd64&amp;apos;, os.version: &amp;apos;10.0&amp;apos;, java.version: &amp;apos;1.8.0_281&amp;apos;
Driver info: driver.version: ChromeDriver
remote stacktrace: Backtrace:
	Ordinal0 [0x00F6BDE3+2473443]
	Ordinal0 [0x00F06661+2057825]
	Ordinal0 [0x00E12438+1057848]
	Ordinal0 [0x00E04C3D+1002557]
	Ordinal0 [0x00E03C8D+998541]
	Ordinal0 [0x00E03F46+999238]
	Ordinal0 [0x00E03835+997429]
	Ordinal0 [0x00DFF4E4+980196]
	Ordinal0 [0x00E037F1+997361]
	Ordinal0 [0x00E03590+996752]
	Ordinal0 [0x00E03329+996137]
	Ordinal0 [0x00E13650+1062480]
	Ordinal0 [0x00E5AAAA+1354410]
	Ordinal0 [0x00E5974A+1349450]
	Ordinal0 [0x00E555AB+1332651]
	Ordinal0 [0x00E32104+1188100]
	Ordinal0 [0x00E32F59+1191769]
	GetHandleVerifier [0x010F2266+1549718]
	GetHandleVerifier [0x0119D4A7+2250711]
	GetHandleVerifier [0x00FF718B+521403]
	GetHandleVerifier [0x00FF6229+517465]
	Ordinal0 [0x00F0B79D+2078621]
	Ordinal0 [0x00F0FB58+2095960]
	Ordinal0 [0x00F0FC92+2096274]
	Ordinal0 [0x00F19541+2135361]
	BaseThreadInitThunk [0x7710FA29+25]
	RtlGetAppContainerNamedObjectPath [0x77BB7A9E+286]
	RtlGetAppContainerNamedObjectPath [0x77BB7A6E+238]
">
      <![CDATA[org.openqa.selenium.SessionNotCreatedException: session not created
from timeout: Timed out receiving message from renderer: 600.000
  (Session info: chrome=94.0.4606.81)
Build info: version: '3.141.59', revision: 'e82be7d358', time: '2018-11-14T08:17:03'
System info: host: 'OM-SAI-LEGAL-AD', ip: '192.168.0.106', os.name: 'Windows 10', os.arch: 'amd64', os.version: '10.0', java.version: '1.8.0_281'
Driver info: driver.version: ChromeDriver
remote stacktrace: Backtrace:
Ordinal0 [0x00F6BDE3+2473443]
Ordinal0 [0x00F06661+2057825]
Ordinal0 [0x00E12438+1057848]
Ordinal0 [0x00E04C3D+1002557]
Ordinal0 [0x00E03C8D+998541]
Ordinal0 [0x00E03F46+999238]
Ordinal0 [0x00E03835+997429]
Ordinal0 [0x00DFF4E4+980196]
Ordinal0 [0x00E037F1+997361]
Ordinal0 [0x00E03590+996752]
Ordinal0 [0x00E03329+996137]
Ordinal0 [0x00E13650+1062480]
Ordinal0 [0x00E5AAAA+1354410]
Ordinal0 [0x00E5974A+1349450]
Ordinal0 [0x00E555AB+1332651]
Ordinal0 [0x00E32104+1188100]
Ordinal0 [0x00E32F59+1191769]
GetHandleVerifier [0x010F2266+1549718]
GetHandleVerifier [0x0119D4A7+2250711]
GetHandleVerifier [0x00FF718B+521403]
GetHandleVerifier [0x00FF6229+517465]
Ordinal0 [0x00F0B79D+2078621]
Ordinal0 [0x00F0FB58+2095960]
Ordinal0 [0x00F0FC92+2096274]
Ordinal0 [0x00F19541+2135361]
BaseThreadInitThunk [0x7710FA29+25]
RtlGetAppContainerNamedObjectPath [0x77BB7A9E+286]
RtlGetAppContainerNamedObjectPath [0x77BB7A6E+238]

at org.openqa.selenium.remote.W3CHandshakeResponse.lambda$errorHandler$0(W3CHandshakeResponse.java:62)
at org.openqa.selenium.remote.HandshakeResponse.lambda$getResponseFunction$0(HandshakeResponse.java:30)
at org.openqa.selenium.remote.ProtocolHandshake.lambda$createSession$0(ProtocolHandshake.java:126)
at java.util.stream.ReferencePipeline$3$1.accept(ReferencePipeline.java:193)
at java.util.Spliterators$ArraySpliterator.tryAdvance(Spliterators.java:958)
at java.util.stream.ReferencePipeline.forEachWithCancel(ReferencePipeline.java:126)
at java.util.stream.AbstractPipeline.copyIntoWithCancel(AbstractPipeline.java:499)
at java.util.stream.AbstractPipeline.copyInto(AbstractPipeline.java:486)
at java.util.stream.AbstractPipeline.wrapAndCopyInto(AbstractPipeline.java:472)
at java.util.stream.FindOps$FindOp.evaluateSequential(FindOps.java:152)
at java.util.stream.AbstractPipeline.evaluate(AbstractPipeline.java:234)
at java.util.stream.ReferencePipeline.findFirst(ReferencePipeline.java:464)
at org.openqa.selenium.remote.ProtocolHandshake.createSession(ProtocolHandshake.java:128)
at org.openqa.selenium.remote.ProtocolHandshake.createSession(ProtocolHandshake.java:74)
at org.openqa.selenium.remote.HttpCommandExecutor.execute(HttpCommandExecutor.java:136)
at org.openqa.selenium.remote.service.DriverCommandExecutor.execute(DriverCommandExecutor.java:83)
at org.openqa.selenium.remote.RemoteWebDriver.execute(RemoteWebDriver.java:552)
at org.openqa.selenium.remote.RemoteWebDriver.startSession(RemoteWebDriver.java:213)
at org.openqa.selenium.remote.RemoteWebDriver.<init>(RemoteWebDriver.java:131)
at org.openqa.selenium.chrome.ChromeDriver.<init>(ChromeDriver.java:181)
at org.openqa.selenium.chrome.ChromeDriver.<init>(ChromeDriver.java:168)
at org.openqa.selenium.chrome.ChromeDriver.<init>(ChromeDriver.java:123)
at com.inetbanking.testCases.BaseClass.setup(BaseClass.java:43)
at java.util.ArrayList.forEach(ArrayList.java:1259)
... Removed 32 stack frames]]>
    </failure>
  </testcase> <!-- @BeforeClass setup -->
  <testcase name="@AfterClass tearDown" time="-1.63488361541E9" classname="com.inetbanking.testCases.BaseClass">
    <skipped/>
  </testcase> <!-- @AfterClass tearDown -->
  <testcase name="addNewCustomer" time="0.0" classname="com.inetbanking.testCases.TC_AddCustomerTest_003">
    <skipped/>
  </testcase> <!-- addNewCustomer -->
</testsuite> <!-- BankingApp Test -->
